[debug] [2018-06-27T20:37:07.720Z] ----------------------------------------------------------------------
[debug] [2018-06-27T20:37:07.722Z] Command:       C:\Program Files\nodejs\node.exe C:\Users\Sondr\AppData\Roaming\npm\node_modules\firebase-tools\bin\firebase serve
[debug] [2018-06-27T20:37:07.722Z] CLI Version:   3.18.4
[debug] [2018-06-27T20:37:07.722Z] Platform:      win32
[debug] [2018-06-27T20:37:07.722Z] Node Version:  v8.9.0
[debug] [2018-06-27T20:37:07.723Z] Time:          Wed Jun 27 2018 22:37:07 GMT+0200 (Vest-Europa (sommertid))
[debug] [2018-06-27T20:37:07.723Z] ----------------------------------------------------------------------
[debug] 
[debug] [2018-06-27T20:37:07.735Z] > command requires scopes: ["email","openid","https://www.googleapis.com/auth/cloudplatformprojects.readonly","https://www.googleapis.com/auth/firebase","https://www.googleapis.com/auth/cloud-platform"]
[debug] [2018-06-27T20:37:07.736Z] > attempting to authenticate via app default credentials
[debug] [2018-06-27T20:37:29.005Z] ya29.Gl3nBcTqtgG0o965DTpBNWOvxlv7egSYxYRNgyrFuJ7X9tN0m52js2m6qy7IsQvBPexyvSE9z5c9MFMq479kkPEV9UPFgiNVXoSsePVCiMPOmHXQ6HBKoQHw1aA8euc
[debug] [2018-06-27T20:37:29.006Z] > retrieved access token via default credentials
[debug] [2018-06-27T20:37:29.007Z] >>> HTTP REQUEST GET https://admin.firebase.com/v1/projects/magson-developer  
  
 Wed Jun 27 2018 22:37:29 GMT+0200 (Vest-Europa (sommertid))
[debug] [2018-06-27T20:37:29.772Z] <<< HTTP RESPONSE 200
[debug] [2018-06-27T20:37:29.774Z] >>> HTTP REQUEST GET https://admin.firebase.com/v1/database/magson-developer/tokens  
  
 Wed Jun 27 2018 22:37:29 GMT+0200 (Vest-Europa (sommertid))
[debug] [2018-06-27T20:37:30.389Z] <<< HTTP RESPONSE 200
[debug] [2018-06-27T20:37:30.390Z] >>> HTTP REQUEST GET https://cloudresourcemanager.googleapis.com/v1/projects/magson-developer  
  
 Wed Jun 27 2018 22:37:30 GMT+0200 (Vest-Europa (sommertid))
[debug] [2018-06-27T20:37:31.416Z] <<< HTTP RESPONSE 200
[info] 
[info] === Serving from 'C:\Users\Sondr\Desktop\scrumboard'...
[info] 
[info] i  functions: Preparing to emulate functions.
[debug] [2018-06-27T20:37:32.980Z] Fetching environment
[debug] [2018-06-27T20:37:32.985Z] TypeError: Cannot read property 'refresh_token' of undefined
    at module.exports (C:\Users\Sondr\AppData\Roaming\npm\node_modules\firebase-tools\lib\ensureDefaultCredentials.js:38:45)
    at FunctionsEmulator.start (C:\Users\Sondr\AppData\Roaming\npm\node_modules\firebase-tools\lib\functionsEmulator.js:116:3)
    at Object.start (C:\Users\Sondr\AppData\Roaming\npm\node_modules\firebase-tools\lib\serve\functions.js:9:29)
    at C:\Users\Sondr\AppData\Roaming\npm\node_modules\firebase-tools\lib\serve\index.js:17:21
    at arrayMap (C:\Users\Sondr\AppData\Roaming\npm\node_modules\firebase-tools\node_modules\lodash\lodash.js:639:23)
    at Function.map (C:\Users\Sondr\AppData\Roaming\npm\node_modules\firebase-tools\node_modules\lodash\lodash.js:9554:14)
    at _serve (C:\Users\Sondr\AppData\Roaming\npm\node_modules\firebase-tools\lib\serve\index.js:15:7)
    at Command._action (C:\Users\Sondr\AppData\Roaming\npm\node_modules\firebase-tools\commands\serve.js:48:12)
    at C:\Users\Sondr\AppData\Roaming\npm\node_modules\firebase-tools\lib\command.js:200:29
    at <anonymous>
[error] 
[error] Error: An unexpected error has occurred.
