[debug] [2018-07-05T17:03:14.664Z] ----------------------------------------------------------------------
[debug] [2018-07-05T17:03:14.666Z] Command:       /usr/local/bin/node /usr/local/bin/firebase deploy --only functions
[debug] [2018-07-05T17:03:14.666Z] CLI Version:   3.19.3
[debug] [2018-07-05T17:03:14.666Z] Platform:      darwin
[debug] [2018-07-05T17:03:14.666Z] Node Version:  v8.9.4
[debug] [2018-07-05T17:03:14.667Z] Time:          Thu Jul 05 2018 19:03:14 GMT+0200 (CEST)
[debug] [2018-07-05T17:03:14.667Z] ----------------------------------------------------------------------
[debug] 
[debug] [2018-07-05T17:03:14.688Z] > command requires scopes: ["email","openid","https://www.googleapis.com/auth/cloudplatformprojects.readonly","https://www.googleapis.com/auth/firebase","https://www.googleapis.com/auth/cloud-platform"]
[debug] [2018-07-05T17:03:14.688Z] > authorizing via signed-in user
[debug] [2018-07-05T17:03:14.689Z] > refreshing access token with scopes: ["email","https://www.googleapis.com/auth/cloud-platform","https://www.googleapis.com/auth/cloudplatformprojects.readonly","https://www.googleapis.com/auth/firebase","openid"]
[debug] [2018-07-05T17:03:14.690Z] >>> HTTP REQUEST POST https://www.googleapis.com/oauth2/v3/token  
 { refresh_token: '1/8AVeB9EwBDU-y7Uzr0HKhX5w2gbklrXbMRPJSYdCcZ8',
  client_id: '563584335869-fgrhgmd47bqnekij5i8b5pr03ho849e6.apps.googleusercontent.com',
  client_secret: 'j9iVZfS8kkCEFUPaAeJV0sAi',
  grant_type: 'refresh_token',
  scope: 'email https://www.googleapis.com/auth/cloud-platform https://www.googleapis.com/auth/cloudplatformprojects.readonly https://www.googleapis.com/auth/firebase openid' } 
 Thu Jul 05 2018 19:03:14 GMT+0200 (CEST)
[debug] [2018-07-05T17:03:16.056Z] <<< HTTP RESPONSE 200
[debug] [2018-07-05T17:03:16.068Z] >>> HTTP REQUEST GET https://admin.firebase.com/v1/projects/magson-developer  
  
 Thu Jul 05 2018 19:03:16 GMT+0200 (CEST)
[debug] [2018-07-05T17:03:18.449Z] <<< HTTP RESPONSE 200
[debug] [2018-07-05T17:03:18.450Z] >>> HTTP REQUEST GET https://admin.firebase.com/v1/database/magson-developer/tokens  
  
 Thu Jul 05 2018 19:03:18 GMT+0200 (CEST)
[debug] [2018-07-05T17:03:21.383Z] <<< HTTP RESPONSE 200
[info] 
[info] === Deploying to 'magson-developer'...
[info] 
[info] i  deploying functions
[debug] [2018-07-05T17:03:25.747Z] > [functions] package.json contents: {
  "name": "functions",
  "description": "Cloud Functions for Firebase",
  "scripts": {
    "serve": "firebase serve --only functions",
    "shell": "firebase functions:shell",
    "start": "npm run shell",
    "deploy": "firebase deploy --only functions",
    "logs": "firebase functions:log"
  },
  "dependencies": {
    "firebase-admin": "~5.12.1",
    "firebase-functions": "^1.0.3",
    "nodemailer": "^4.6.4",
    "es6-promise-pool": "^2.4.4",
    "secure-compare": "^3.0.1"
  },
  "private": true
}
[info] i  functions: ensuring necessary APIs are enabled...
[debug] [2018-07-05T17:03:25.748Z] >>> HTTP REQUEST GET https://servicemanagement.googleapis.com/v1/services/cloudfunctions.googleapis.com/projectSettings/magson-developer?view=CONSUMER_VIEW  
  
 Thu Jul 05 2018 19:03:25 GMT+0200 (CEST)
[debug] [2018-07-05T17:03:25.749Z] >>> HTTP REQUEST GET https://servicemanagement.googleapis.com/v1/services/runtimeconfig.googleapis.com/projectSettings/magson-developer?view=CONSUMER_VIEW  
  
 Thu Jul 05 2018 19:03:25 GMT+0200 (CEST)
[debug] [2018-07-05T17:03:27.180Z] <<< HTTP RESPONSE 200
[debug] [2018-07-05T17:03:27.274Z] <<< HTTP RESPONSE 200
[info] ✔  functions: all necessary APIs are enabled
[debug] [2018-07-05T17:03:27.275Z] >>> HTTP REQUEST GET https://cloudresourcemanager.googleapis.com/v1/projects/magson-developer  
  
 Thu Jul 05 2018 19:03:27 GMT+0200 (CEST)
[debug] [2018-07-05T17:03:28.740Z] <<< HTTP RESPONSE 200
[debug] [2018-07-05T17:03:28.741Z] >>> HTTP REQUEST GET https://mobilesdk-pa.googleapis.com/v1/projects/1054331397519:getServerAppConfig  
  
 Thu Jul 05 2018 19:03:28 GMT+0200 (CEST)
[debug] [2018-07-05T17:03:33.765Z] <<< HTTP RESPONSE 200
[info] i  functions: preparing functions directory for uploading...
[debug] [2018-07-05T17:03:33.768Z] >>> HTTP REQUEST GET https://runtimeconfig.googleapis.com/v1beta1/projects/magson-developer/configs  
  
 Thu Jul 05 2018 19:03:33 GMT+0200 (CEST)
